info it worked if it ends with ok
verbose cli [ 'node', '/usr/bin/npm', 'install', '-g', 'coffee-script', 'less' ]
info using npm@1.1.24
info using node@v0.6.19
verbose config file /home/mark/.npmrc
verbose config file /usr/etc/npmrc
verbose config file /usr/lib/node_modules/npm/npmrc
verbose cache add [ 'coffee-script', null ]
silly cache add: name, spec, args [ undefined, 'coffee-script', [ 'coffee-script', null ] ]
verbose parsed url { pathname: 'coffee-script',
verbose parsed url   path: 'coffee-script',
verbose parsed url   href: 'coffee-script' }
verbose cache add [ 'less', null ]
silly cache add: name, spec, args [ undefined, 'less', [ 'less', null ] ]
verbose parsed url { pathname: 'less', path: 'less', href: 'less' }
verbose addNamed [ 'coffee-script', '' ]
verbose addNamed [ null, '' ]
silly name, range, hasData [ 'coffee-script', '', false ]
verbose addNamed [ 'less', '' ]
verbose addNamed [ null, '' ]
silly name, range, hasData [ 'less', '', false ]
verbose raw, before any munging coffee-script
verbose url resolving [ 'https://registry.npmjs.org/', './coffee-script' ]
verbose url resolved https://registry.npmjs.org/coffee-script
verbose etag "99UJ9NSZHU7W98C4J51K3D3AI"
http GET https://registry.npmjs.org/coffee-script
verbose raw, before any munging less
verbose url resolving [ 'https://registry.npmjs.org/', './less' ]
verbose url resolved https://registry.npmjs.org/less
verbose etag "DYMOGJ3GKCZVD5YRSE34CHL2O"
http GET https://registry.npmjs.org/less
http 304 https://registry.npmjs.org/less
silly get cb [ 304,
silly get cb   { server: 'CouchDB/1.2.0 (Erlang OTP/R15B)',
silly get cb     etag: '"DYMOGJ3GKCZVD5YRSE34CHL2O"',
silly get cb     date: 'Fri, 22 Jun 2012 01:40:49 GMT',
silly get cb     'content-length': '0' } ]
verbose etag less from cache
silly name, range, hasData 2 [ 'less', '', true ]
silly versions [ 'less',
silly versions   [ '1.0.10',
silly versions     '1.0.11',
silly versions     '1.0.14',
silly versions     '1.0.18',
silly versions     '1.0.19',
silly versions     '1.0.21',
silly versions     '1.0.32',
silly versions     '1.0.36',
silly versions     '1.0.5',
silly versions     '1.0.40',
silly versions     '1.0.41',
silly versions     '1.0.44',
silly versions     '1.1.0',
silly versions     '1.1.1',
silly versions     '1.1.2',
silly versions     '1.1.4',
silly versions     '1.1.5',
silly versions     '1.1.6',
silly versions     '1.2.0',
silly versions     '1.2.1',
silly versions     '1.2.2',
silly versions     '1.3.0' ] ]
verbose bin dist [ '0.6-ares1.7.5-DEV-evundefined-openssl1.0.1c-v83.6.6.25-linux-ia32-3.1.7-1-ARCH',
verbose bin dist   { shasum: '5726170cb5661d7449942c78fb3a894d74e8103c',
verbose bin dist     tarball: 'http://registry.npmjs.org/less/-/less-1.3.0.tgz' } ]
verbose caching /home/mark/.npm/less/1.3.0/package/package.json
verbose loadDefaults less@1.3.0
http 304 https://registry.npmjs.org/coffee-script
silly get cb [ 304,
silly get cb   { server: 'CouchDB/1.2.0 (Erlang OTP/R15B)',
silly get cb     etag: '"99UJ9NSZHU7W98C4J51K3D3AI"',
silly get cb     date: 'Fri, 22 Jun 2012 01:40:49 GMT',
silly get cb     'content-length': '0' } ]
verbose etag coffee-script from cache
silly name, range, hasData 2 [ 'coffee-script', '', true ]
silly versions [ 'coffee-script',
silly versions   [ '0.7.0',
silly versions     '0.7.1',
silly versions     '0.7.2',
silly versions     '0.9.0',
silly versions     '0.9.1',
silly versions     '0.9.2',
silly versions     '0.9.3',
silly versions     '0.9.4',
silly versions     '0.9.5',
silly versions     '0.9.6',
silly versions     '1.0.0',
silly versions     '1.0.1',
silly versions     '1.1.0',
silly versions     '1.1.1',
silly versions     '1.1.2',
silly versions     '1.1.3',
silly versions     '1.2.0',
silly versions     '1.3.0',
silly versions     '1.3.1',
silly versions     '1.3.2',
silly versions     '1.3.3' ] ]
verbose bin dist [ '0.6-ares1.7.5-DEV-evundefined-openssl1.0.1c-v83.6.6.25-linux-ia32-3.1.7-1-ARCH',
verbose bin dist   { shasum: '150d6b4cb522894369efed6a2101c20bc7f4a4f4',
verbose bin dist     tarball: 'http://registry.npmjs.org/coffee-script/-/coffee-script-1.3.3.tgz' } ]
verbose caching /home/mark/.npm/coffee-script/1.3.3/package/package.json
verbose loadDefaults coffee-script@1.3.3
silly resolved [ { name: 'less',
silly resolved     description: 'Leaner CSS',
silly resolved     url: 'http://lesscss.org',
silly resolved     keywords: [ 'css', 'parser', 'lesscss', 'browser' ],
silly resolved     author: { name: 'Alexis Sellier', email: 'self@cloudhead.net' },
silly resolved     contributors: [],
silly resolved     version: '1.3.0',
silly resolved     bin: { lessc: './bin/lessc' },
silly resolved     main: './lib/less/index',
silly resolved     directories: { test: './test' },
silly resolved     engines: { node: '>=0.4.0' },
silly resolved     _id: 'less@1.3.0',
silly resolved     dependencies: {},
silly resolved     devDependencies: {},
silly resolved     optionalDependencies: {},
silly resolved     _engineSupported: true,
silly resolved     _npmVersion: '1.1.24',
silly resolved     _nodeVersion: 'v0.6.19',
silly resolved     _defaultsLoaded: true,
silly resolved     _from: 'less' },
silly resolved   { name: 'coffee-script',
silly resolved     description: 'Unfancy JavaScript',
silly resolved     keywords: [ 'javascript', 'language', 'coffeescript', 'compiler' ],
silly resolved     author: { name: 'Jeremy Ashkenas' },
silly resolved     version: '1.3.3',
silly resolved     licenses: 
silly resolved      [ { type: 'MIT',
silly resolved          url: 'https://raw.github.com/jashkenas/coffee-script/master/LICENSE' } ],
silly resolved     engines: { node: '>=0.4.0' },
silly resolved     directories: { lib: './lib/coffee-script' },
silly resolved     main: './lib/coffee-script/coffee-script',
silly resolved     bin: { coffee: './bin/coffee', cake: './bin/cake' },
silly resolved     homepage: 'http://coffeescript.org',
silly resolved     bugs: { name: 'https://github.com/jashkenas/coffee-script/issues' },
silly resolved     repository: 
silly resolved      { type: 'git',
silly resolved        url: 'git://github.com/jashkenas/coffee-script.git' },
silly resolved     devDependencies: { 'uglify-js': '>=1.0.0', jison: '>=0.2.0' },
silly resolved     _id: 'coffee-script@1.3.3',
silly resolved     dependencies: {},
silly resolved     optionalDependencies: {},
silly resolved     _engineSupported: true,
silly resolved     _npmVersion: '1.1.24',
silly resolved     _nodeVersion: 'v0.6.19',
silly resolved     _defaultsLoaded: true,
silly resolved     _from: 'coffee-script' } ]
info into /usr/lib less@1.3.0
info into /usr/lib coffee-script@1.3.3
info installOne less@1.3.0
info installOne coffee-script@1.3.3
verbose from cache /home/mark/.npm/less/1.3.0/package/package.json
info unbuild /usr/lib/node_modules/less
verbose from cache /home/mark/.npm/coffee-script/1.3.3/package/package.json
info unbuild /usr/lib/node_modules/coffee-script
verbose unpack /home/mark/.npm/less/1.3.0/package.tgz
verbose unpack /home/mark/.npm/coffee-script/1.3.3/package.tgz
silly gunzTarPerm modes [ '755', '644' ]
silly gunzTarPerm modes [ '755', '644' ]
ERR! Error: EACCES, mkdir '/usr/lib/node_modules/less'
ERR! 
ERR! Please try running this command again as root/Administrator.
ERR! 
ERR! System Linux 3.1.7-1-ARCH
ERR! command "node" "/usr/bin/npm" "install" "-g" "coffee-script" "less"
ERR! cwd /home/mark/Projects/blog
ERR! node -v v0.6.19
ERR! npm -v 1.1.24
ERR! path /usr/lib/node_modules/less
ERR! fstream_path /usr/lib/node_modules/less
ERR! fstream_type Directory
ERR! fstream_class DirWriter
ERR! code EACCES
ERR! message EACCES, mkdir '/usr/lib/node_modules/less'
ERR! errno {}
ERR! fstream_stack /usr/lib/node_modules/npm/node_modules/fstream/lib/dir-writer.js:36:23
ERR! fstream_stack Object.oncomplete (/usr/lib/node_modules/npm/node_modules/mkdirp/index.js:51:17)
verbose exit [ 1, true ]
